nohup: ignoring input
Files already downloaded and verified
Begin calculating real image statistics
Files already downloaded and verified
Finish calculating real image statistics 13.930 torch.Size([5000, 3, 32, 32]) tensor(0.) tensor(1.)
Conditional model Q False
Unconditional prior model
Log posterior sampling.
Step/cross_entropy/recons_loss: 0/1623.024/40901.016  1/1702.432/40900.992  2/1585.109/40900.969  3/1333.756/40900.938  4/1538.334/40900.906  5/1877.941/40900.879  6/1656.750/40900.855  7/1339.361/40900.836  8/1290.009/40900.816  9/1486.858/40900.797  
Iter 0 time 15.07 g_loss 409.01 q_loss 13.398 e_loss 12.849
tensor(0.2394, device='cuda:0') tensor(-0.2546, device='cuda:0')
Saving best checkpoint
Finish calculating fid time 12.542 fid 463.937 / 463.937
Iter 100 time 121.53 g_loss 90.38 q_loss 31.742 e_loss 69.935
tensor(11.3283, device='cuda:0') tensor(-10.2222, device='cuda:0')
Iter 200 time 215.70 g_loss 1820.60 q_loss 501.640 e_loss 928799.188
tensor(833.7369, device='cuda:0') tensor(-965.8647, device='cuda:0')
Iter 300 time 312.29 g_loss 1838.53 q_loss 672.933 e_loss 1288954.875
tensor(1025.4269, device='cuda:0') tensor(-1047.1425, device='cuda:0')
Iter 400 time 410.22 g_loss 1947.24 q_loss 1123.260 e_loss 1892716.500
tensor(1312.0826, device='cuda:0') tensor(-1179.1259, device='cuda:0')
/home/yaxuan/miniconda3/envs/torch1.12/lib/python3.8/site-packages/torchvision/models/_utils.py:208: UserWarning: The parameter 'pretrained' is deprecated since 0.13 and will be removed in 0.15, please use 'weights' instead.
  warnings.warn(
/home/yaxuan/miniconda3/envs/torch1.12/lib/python3.8/site-packages/torchvision/models/_utils.py:223: UserWarning: Arguments other than a weight enum or `None` for 'weights' are deprecated since 0.13 and will be removed in 0.15. The current behavior is equivalent to passing `weights=None`.
  warnings.warn(msg)
/home/yaxuan/miniconda3/envs/torch1.12/lib/python3.8/site-packages/torch/nn/functional.py:1960: UserWarning: nn.functional.sigmoid is deprecated. Use torch.sigmoid instead.
  warnings.warn("nn.functional.sigmoid is deprecated. Use torch.sigmoid instead.")
Iter 500 time 506.95 g_loss 1929.48 q_loss 5933.492 e_loss 6767549.500
tensor(2942.1577, device='cuda:0') tensor(-2419.9680, device='cuda:0')
Iter 600 time 602.67 g_loss 1949.61 q_loss 77254.000 e_loss 74898000.000
tensor(7207.1831, device='cuda:0') tensor(-5539.7969, device='cuda:0')
Iter 700 time 697.93 g_loss 1935.41 q_loss 3162856.000 e_loss 1132139264.000
tensor(30370.9297, device='cuda:0') tensor(-22042.7383, device='cuda:0')
Iter 800 time 793.09 g_loss 2017.21 q_loss 64219184.000 e_loss 8663677952.000
tensor(121649.9844, device='cuda:0') tensor(-96175.7734, device='cuda:0')
Iter 900 time 888.33 g_loss 1933.33 q_loss 1547608704.000 e_loss 19629031424.000
tensor(814424.8125, device='cuda:0') tensor(-750437.9375, device='cuda:0')
Log posterior sampling.
Step/cross_entropy/recons_loss: 0/2323021037568.000/194147.938  1/2442879565824.000/194147.938  2/2865117003776.000/194147.938  3/2440080130048.000/194147.938  4/2878204280832.000/194147.938  5/2957967622144.000/194147.938  6/2926718484480.000/194147.938  7/2220907036672.000/194147.938  8/3082526654464.000/194147.938  9/2724863148032.000/194147.938  
Iter 1000 time 983.72 g_loss 1941.48 q_loss 14924009472.000 e_loss 34913009664.000
tensor(2671794.5000, device='cuda:0') tensor(-2458859., device='cuda:0')
Iter 1100 time 1079.27 g_loss 1945.45 q_loss 92685746176.000 e_loss 59792613376.000
tensor(6111913.5000, device='cuda:0') tensor(-5672394., device='cuda:0')
Iter 1200 time 1174.81 g_loss 1971.12 q_loss 330768121856.000 e_loss 142526824448.000
tensor(14222168., device='cuda:0') tensor(-13456704., device='cuda:0')
Iter 1300 time 1270.30 g_loss 1927.82 q_loss 1321813016576.000 e_loss 306867011584.000
tensor(24809732., device='cuda:0') tensor(-24067502., device='cuda:0')
Iter 1400 time 1365.58 g_loss 1929.78 q_loss 6339882909696.000 e_loss 1708410273792.000
tensor(61207564., device='cuda:0') tensor(-60831804., device='cuda:0')
